<?xml version="1.0" encoding="UTF-8"?>
<testsuite name="matrix.ConstantMatrixInitializerTest" tests="2" skipped="0" failures="0" errors="0" timestamp="2025-10-24T13:00:55" hostname="DESKTOP-LFSJAG3" time="0.006">
  <properties/>
  <testcase name="testMatrixInitializationWithConstantValue()" classname="matrix.ConstantMatrixInitializerTest" time="0.002"/>
  <testcase name="testMatrixInitializationWithConstantValue2()" classname="matrix.ConstantMatrixInitializerTest" time="0.001"/>
  <system-out><![CDATA[]]></system-out>
  <system-err><![CDATA[]]></system-err>
</testsuite>
