<?xml version="1.0" encoding="UTF-8"?>
<testsuite name="matrix.ElementWiseMatrixTest" tests="2" skipped="0" failures="0" errors="0" timestamp="2025-10-24T13:00:55" hostname="DESKTOP-LFSJAG3" time="0.008">
  <properties/>
  <testcase name="testElementWiseAddition()" classname="matrix.ElementWiseMatrixTest" time="0.002"/>
  <testcase name="testElementWiseMultiplication()" classname="matrix.ElementWiseMatrixTest" time="0.003"/>
  <system-out><![CDATA[]]></system-out>
  <system-err><![CDATA[]]></system-err>
</testsuite>
