<?xml version="1.0" encoding="UTF-8"?>
<testsuite name="model.NextGenerationInitializerTest" tests="5" skipped="0" failures="0" errors="0" timestamp="2025-10-24T13:00:56" hostname="DESKTOP-LFSJAG3" time="0.026">
  <properties/>
  <testcase name="testWrapCoordinateInsideGrid()" classname="model.NextGenerationInitializerTest" time="0.005"/>
  <testcase name="testModuloPositive()" classname="model.NextGenerationInitializerTest" time="0.003"/>
  <testcase name="testModuloNegative()" classname="model.NextGenerationInitializerTest" time="0.001"/>
  <testcase name="testWrapCoordinateOutsideGrid()" classname="model.NextGenerationInitializerTest" time="0.001"/>
  <testcase name="initialValueAt()" classname="model.NextGenerationInitializerTest" time="0.003"/>
  <system-out><![CDATA[]]></system-out>
  <system-err><![CDATA[]]></system-err>
</testsuite>
